app/build/outputs/logs/manifest-merger-debug-report.txt
-- Merging decision tree log ---
manifest
ADDED from src\main\AndroidManifest.xml:2:1-80:12
	package
		ADDED from src\main\AndroidManifest.xml:3:5-20
		INJECTED from src\main\AndroidManifest.xml
		INJECTED from src\main\AndroidManifest.xml
	android:versionName
		ADDED from src\main\AndroidManifest.xml:5:5-30
		INJECTED from src\main\AndroidManifest.xml
		INJECTED from src\main\AndroidManifest.xml
	android:versionCode
		ADDED from src\main\AndroidManifest.xml:4:5-28
		INJECTED from src\main\AndroidManifest.xml
		INJECTED from src\main\AndroidManifest.xml
	xmlns:android
		ADDED from src\main\AndroidManifest.xml:2:11-69
uses-sdk
ADDED from src\main\AndroidManifest.xml:7:5-44
	android:targetSdkVersion
		INJECTED from src\main\AndroidManifest.xml
		INJECTED from src\main\AndroidManifest.xml
	android:minSdkVersion
		ADDED from src\main\AndroidManifest.xml:7:15-41
		INJECTED from src\main\AndroidManifest.xml
		INJECTED from src\main\AndroidManifest.xml
uses-permission#android.permission.READ_SMS
ADDED from src\main\AndroidManifest.xml:9:5-67
	android:name
		ADDED from src\main\AndroidManifest.xml:9:22-64
uses-permission#android.permission.INTERNET
ADDED from src\main\AndroidManifest.xml:10:5-67
	android:name
		ADDED from src\main\AndroidManifest.xml:10:22-64
uses-permission#android.permission.READ_CONTACTS
ADDED from src\main\AndroidManifest.xml:11:5-72
	android:name
		ADDED from src\main\AndroidManifest.xml:11:22-69
uses-permission#android.permission.WRITE_CONTACTS
ADDED from src\main\AndroidManifest.xml:12:5-73
	android:name
		ADDED from src\main\AndroidManifest.xml:12:22-70
uses-permission#android.permission.RECEIVE_SMS
ADDED from src\main\AndroidManifest.xml:13:5-70
	android:name
		ADDED from src\main\AndroidManifest.xml:13:22-67
uses-permission#android.permission.WRITE_SMS
ADDED from src\main\AndroidManifest.xml:14:5-68
	android:name
		ADDED from src\main\AndroidManifest.xml:14:22-65
uses-permission#android.permission.SEND_SMS
ADDED from src\main\AndroidManifest.xml:15:5-67
	android:name
		ADDED from src\main\AndroidManifest.xml:15:22-64
uses-permission#android.permission.CALL_PHONE
ADDED from src\main\AndroidManifest.xml:16:5-69
	android:name
		ADDED from src\main\AndroidManifest.xml:16:22-66
uses-permission#android.permission.READ_PHONE_STATE
ADDED from src\main\AndroidManifest.xml:17:5-75
	android:name
		ADDED from src\main\AndroidManifest.xml:17:22-72
uses-permission#android.permission.KILL_BACKGROUND_PROCESSES
ADDED from src\main\AndroidManifest.xml:18:5-84
	android:name
		ADDED from src\main\AndroidManifest.xml:18:22-81
uses-permission#android.permission.WRITE_EXTERNAL_STORAGE
ADDED from src\main\AndroidManifest.xml:19:5-81
	android:name
		ADDED from src\main\AndroidManifest.xml:19:22-78
uses-permission#android.permission.MOUNT_UNMOUNT_FILESYSTEMS
ADDED from src\main\AndroidManifest.xml:20:5-84
	android:name
		ADDED from src\main\AndroidManifest.xml:20:22-81
uses-permission#android.permission.VIBRATE
ADDED from src\main\AndroidManifest.xml:21:5-66
	android:name
		ADDED from src\main\AndroidManifest.xml:21:22-63
uses-permission#android.permission.RECEIVE_BOOT_COMPLETED
ADDED from src\main\AndroidManifest.xml:22:5-81
	android:name
		ADDED from src\main\AndroidManifest.xml:22:22-78
uses-permission#android.permission.INSTALL_PACKAGES
ADDED from src\main\AndroidManifest.xml:23:5-75
	android:name
		ADDED from src\main\AndroidManifest.xml:23:22-72
application
ADDED from src\main\AndroidManifest.xml:25:5-78:19
	android:label
		ADDED from src\main\AndroidManifest.xml:28:9-41
	android:icon
		ADDED from src\main\AndroidManifest.xml:27:9-45
	android:theme
		ADDED from src\main\AndroidManifest.xml:29:9-56
	android:name
		ADDED from src\main\AndroidManifest.xml:26:9-55
activity#xu.ye.view.HomeTabHostAcitivity
ADDED from src\main\AndroidManifest.xml:30:9-40:20
	android:screenOrientation
		ADDED from src\main\AndroidManifest.xml:33:13-49
	android:label
		ADDED from src\main\AndroidManifest.xml:32:13-45
	android:windowSoftInputMode
		ADDED from src\main\AndroidManifest.xml:34:13-82
	android:name
		ADDED from src\main\AndroidManifest.xml:31:13-59
intent-filter#android.intent.action.MAIN+android.intent.category.LAUNCHER
ADDED from src\main\AndroidManifest.xml:35:13-39:29
action#android.intent.action.MAIN
ADDED from src\main\AndroidManifest.xml:36:17-69
	android:name
		ADDED from src\main\AndroidManifest.xml:36:25-66
category#android.intent.category.LAUNCHER
ADDED from src\main\AndroidManifest.xml:38:17-77
	android:name
		ADDED from src\main\AndroidManifest.xml:38:27-74
activity#xu.ye.view.HomeDialActivity
ADDED from src\main\AndroidManifest.xml:41:9-45:20
	android:screenOrientation
		ADDED from src\main\AndroidManifest.xml:43:13-49
	android:windowSoftInputMode
		ADDED from src\main\AndroidManifest.xml:44:13-82
	android:name
		ADDED from src\main\AndroidManifest.xml:42:13-55
activity#xu.ye.view.HomeContactActivity
ADDED from src\main\AndroidManifest.xml:46:9-50:20
	android:screenOrientation
		ADDED from src\main\AndroidManifest.xml:48:13-49
	android:windowSoftInputMode
		ADDED from src\main\AndroidManifest.xml:49:13-82
	android:name
		ADDED from src\main\AndroidManifest.xml:47:13-58
activity#xu.ye.view.HomeSMSActivity
ADDED from src\main\AndroidManifest.xml:51:9-55:20
	android:screenOrientation
		ADDED from src\main\AndroidManifest.xml:53:13-49
	android:windowSoftInputMode
		ADDED from src\main\AndroidManifest.xml:54:13-82
	android:name
		ADDED from src\main\AndroidManifest.xml:52:13-54
activity#xu.ye.view.HomeSettintActivity
ADDED from src\main\AndroidManifest.xml:56:9-60:20
	android:screenOrientation
		ADDED from src\main\AndroidManifest.xml:58:13-49
	android:windowSoftInputMode
		ADDED from src\main\AndroidManifest.xml:59:13-82
	android:name
		ADDED from src\main\AndroidManifest.xml:57:13-58
activity#xu.ye.view.sms.MessageBoxList
ADDED from src\main\AndroidManifest.xml:61:9-65:20
	android:screenOrientation
		ADDED from src\main\AndroidManifest.xml:63:13-49
	android:windowSoftInputMode
		ADDED from src\main\AndroidManifest.xml:64:13-85
	android:name
		ADDED from src\main\AndroidManifest.xml:62:13-52
activity#xu.ye.view.sms.NewSMSActivity
ADDED from src\main\AndroidManifest.xml:66:9-70:20
	android:screenOrientation
		ADDED from src\main\AndroidManifest.xml:68:13-49
	android:windowSoftInputMode
		ADDED from src\main\AndroidManifest.xml:69:13-85
	android:name
		ADDED from src\main\AndroidManifest.xml:67:13-57
activity#xu.ye.view.sms.SelectContactsToSendActivity
ADDED from src\main\AndroidManifest.xml:71:9-75:20
	android:screenOrientation
		ADDED from src\main\AndroidManifest.xml:73:13-49
	android:windowSoftInputMode
		ADDED from src\main\AndroidManifest.xml:74:13-82
	android:name
		ADDED from src\main\AndroidManifest.xml:72:13-71
service#xu.ye.service.T9Service
ADDED from src\main\AndroidManifest.xml:76:9-77:54
	android:name
		ADDED from src\main\AndroidManifest.xml:77:13-51